# JRE version: Java(TM) SE Runtime Environment (8.0_191-b12) (build 1.8.0_191-b12)
# Java VM: Java HotSpot(TM) 64-Bit Server VM (25.191-b12 mixed mode windows-amd64 compressed oops)
Heap:
 PSYoungGen      total 119296K, used 44121K [0x00000000d5f00000, 0x00000000e0680000, 0x0000000100000000)
  eden space 86528K, 16% used [0x00000000d5f00000,0x00000000d6cb2620,0x00000000db380000)
  from space 32768K, 91% used [0x00000000dd780000,0x00000000df4e4010,0x00000000df780000)
  to   space 36864K, 0% used [0x00000000db380000,0x00000000db380000,0x00000000dd780000)
 ParOldGen       total 165376K, used 53686K [0x0000000081c00000, 0x000000008bd80000, 0x00000000d5f00000)
  object space 165376K, 32% used [0x0000000081c00000,0x000000008506da78,0x000000008bd80000)
 Metaspace       used 26716K, capacity 27942K, committed 28160K, reserved 1073152K
  class space    used 3527K, capacity 3790K, committed 3840K, reserved 1048576K
GC Heap History (10 events):
Event: 13.173 GC heap before
{Heap before GC invocations=6 (full 1):
 PSYoungGen      total 46592K, used 46562K [0x00000000d5f00000, 0x00000000d9580000, 0x0000000100000000)
  eden space 41472K, 100% used [0x00000000d5f00000,0x00000000d8780000,0x00000000d8780000)
  from space 5120K, 99% used [0x00000000d8c80000,0x00000000d9178a88,0x00000000d9180000)
  to   space 5120K, 0% used [0x00000000d8780000,0x00000000d8780000,0x00000000d8c80000)
 ParOldGen       total 67584K, used 28469K [0x0000000081c00000, 0x0000000085e00000, 0x00000000d5f00000)
  object space 67584K, 42% used [0x0000000081c00000,0x00000000837cd7f0,0x0000000085e00000)
 Metaspace       used 25995K, capacity 27100K, committed 27392K, reserved 1073152K
  class space    used 3506K, capacity 3775K, committed 3840K, reserved 1048576K
Event: 13.184 GC heap after
Heap after GC invocations=6 (full 1):
 PSYoungGen      total 46592K, used 5090K [0x00000000d5f00000, 0x00000000dd480000, 0x0000000100000000)
  eden space 41472K, 0% used [0x00000000d5f00000,0x00000000d5f00000,0x00000000d8780000)
  from space 5120K, 99% used [0x00000000d8780000,0x00000000d8c78a88,0x00000000d8c80000)
  to   space 30208K, 0% used [0x00000000db700000,0x00000000db700000,0x00000000dd480000)
 ParOldGen       total 67584K, used 51209K [0x0000000081c00000, 0x0000000085e00000, 0x00000000d5f00000)
  object space 67584K, 75% used [0x0000000081c00000,0x0000000084e025e0,0x0000000085e00000)
 Metaspace       used 25995K, capacity 27100K, committed 27392K, reserved 1073152K
  class space    used 3506K, capacity 3775K, committed 3840K, reserved 1048576K
}
Event: 13.184 GC heap before
{Heap before GC invocations=7 (full 2):
 PSYoungGen      total 46592K, used 5090K [0x00000000d5f00000, 0x00000000dd480000, 0x0000000100000000)
  eden space 41472K, 0% used [0x00000000d5f00000,0x00000000d5f00000,0x00000000d8780000)
  from space 5120K, 99% used [0x00000000d8780000,0x00000000d8c78a88,0x00000000d8c80000)
  to   space 30208K, 0% used [0x00000000db700000,0x00000000db700000,0x00000000dd480000)
 ParOldGen       total 67584K, used 51209K [0x0000000081c00000, 0x0000000085e00000, 0x00000000d5f00000)
  object space 67584K, 75% used [0x0000000081c00000,0x0000000084e025e0,0x0000000085e00000)
 Metaspace       used 25995K, capacity 27100K, committed 27392K, reserved 1073152K
  class space    used 3506K, capacity 3775K, committed 3840K, reserved 1048576K
Event: 13.312 GC heap after
Heap after GC invocations=7 (full 2):
 PSYoungGen      total 46592K, used 0K [0x00000000d5f00000, 0x00000000dd480000, 0x0000000100000000)
  eden space 41472K, 0% used [0x00000000d5f00000,0x00000000d5f00000,0x00000000d8780000)
  from space 5120K, 0% used [0x00000000d8780000,0x00000000d8780000,0x00000000d8c80000)
  to   space 30208K, 0% used [0x00000000db700000,0x00000000db700000,0x00000000dd480000)
 ParOldGen       total 165376K, used 53662K [0x0000000081c00000, 0x000000008bd80000, 0x00000000d5f00000)
  object space 165376K, 32% used [0x0000000081c00000,0x0000000085067a78,0x000000008bd80000)
 Metaspace       used 25995K, capacity 27100K, committed 27392K, reserved 1073152K
  class space    used 3506K, capacity 3775K, committed 3840K, reserved 1048576K
}
Event: 13.697 GC heap before
{Heap before GC invocations=8 (full 2):
 PSYoungGen      total 46592K, used 41472K [0x00000000d5f00000, 0x00000000dd480000, 0x0000000100000000)
  eden space 41472K, 100% used [0x00000000d5f00000,0x00000000d8780000,0x00000000d8780000)
  from space 5120K, 0% used [0x00000000d8780000,0x00000000d8780000,0x00000000d8c80000)
  to   space 30208K, 0% used [0x00000000db700000,0x00000000db700000,0x00000000dd480000)
 ParOldGen       total 165376K, used 53662K [0x0000000081c00000, 0x000000008bd80000, 0x00000000d5f00000)
  object space 165376K, 32% used [0x0000000081c00000,0x0000000085067a78,0x000000008bd80000)
 Metaspace       used 26114K, capacity 27292K, committed 27392K, reserved 1073152K
  class space    used 3506K, capacity 3775K, committed 3840K, reserved 1048576K
Event: 13.704 GC heap after
Heap after GC invocations=8 (full 2):
 PSYoungGen      total 89088K, used 20241K [0x00000000d5f00000, 0x00000000dd880000, 0x0000000100000000)
  eden space 58880K, 0% used [0x00000000d5f00000,0x00000000d5f00000,0x00000000d9880000)
  from space 30208K, 67% used [0x00000000db700000,0x00000000dcac4540,0x00000000dd480000)
  to   space 31232K, 0% used [0x00000000d9880000,0x00000000d9880000,0x00000000db700000)
 ParOldGen       total 165376K, used 53670K [0x0000000081c00000, 0x000000008bd80000, 0x00000000d5f00000)
  object space 165376K, 32% used [0x0000000081c00000,0x0000000085069a78,0x000000008bd80000)
 Metaspace       used 26114K, capacity 27292K, committed 27392K, reserved 1073152K
  class space    used 3506K, capacity 3775K, committed 3840K, reserved 1048576K
}
Event: 14.140 GC heap before
{Heap before GC invocations=9 (full 2):
 PSYoungGen      total 89088K, used 79121K [0x00000000d5f00000, 0x00000000dd880000, 0x0000000100000000)
  eden space 58880K, 100% used [0x00000000d5f00000,0x00000000d9880000,0x00000000d9880000)
  from space 30208K, 67% used [0x00000000db700000,0x00000000dcac4540,0x00000000dd480000)
  to   space 31232K, 0% used [0x00000000d9880000,0x00000000d9880000,0x00000000db700000)
 ParOldGen       total 165376K, used 53670K [0x0000000081c00000, 0x000000008bd80000, 0x00000000d5f00000)
  object space 165376K, 32% used [0x0000000081c00000,0x0000000085069a78,0x000000008bd80000)
 Metaspace       used 26295K, capacity 27420K, committed 27648K, reserved 1073152K
  class space    used 3513K, capacity 3775K, committed 3840K, reserved 1048576K
Event: 14.151 GC heap after
Heap after GC invocations=9 (full 2):
 PSYoungGen      total 90112K, used 23696K [0x00000000d5f00000, 0x00000000df780000, 0x0000000100000000)
  eden space 58880K, 0% used [0x00000000d5f00000,0x00000000d5f00000,0x00000000d9880000)
  from space 31232K, 75% used [0x00000000d9880000,0x00000000dafa4010,0x00000000db700000)
  to   space 32768K, 0% used [0x00000000dd780000,0x00000000dd780000,0x00000000df780000)
 ParOldGen       total 165376K, used 53678K [0x0000000081c00000, 0x000000008bd80000, 0x00000000d5f00000)
  object space 165376K, 32% used [0x0000000081c00000,0x000000008506ba78,0x000000008bd80000)
 Metaspace       used 26295K, capacity 27420K, committed 27648K, reserved 1073152K
  class space    used 3513K, capacity 3775K, committed 3840K, reserved 1048576K
}
Event: 14.698 GC heap before
{Heap before GC invocations=10 (full 2):
 PSYoungGen      total 90112K, used 82576K [0x00000000d5f00000, 0x00000000df780000, 0x0000000100000000)
  eden space 58880K, 100% used [0x00000000d5f00000,0x00000000d9880000,0x00000000d9880000)
  from space 31232K, 75% used [0x00000000d9880000,0x00000000dafa4010,0x00000000db700000)
  to   space 32768K, 0% used [0x00000000dd780000,0x00000000dd780000,0x00000000df780000)
 ParOldGen       total 165376K, used 53678K [0x0000000081c00000, 0x000000008bd80000, 0x00000000d5f00000)
  object space 165376K, 32% used [0x0000000081c00000,0x000000008506ba78,0x000000008bd80000)
 Metaspace       used 26656K, capacity 27846K, committed 27904K, reserved 1073152K
  class space    used 3523K, capacity 3784K, committed 3840K, reserved 1048576K
Event: 14.731 GC heap after
Heap after GC invocations=10 (full 2):
 PSYoungGen      total 119296K, used 30096K [0x00000000d5f00000, 0x00000000e0680000, 0x0000000100000000)
  eden space 86528K, 0% used [0x00000000d5f00000,0x00000000d5f00000,0x00000000db380000)
  from space 32768K, 91% used [0x00000000dd780000,0x00000000df4e4010,0x00000000df780000)
  to   space 36864K, 0% used [0x00000000db380000,0x00000000db380000,0x00000000dd780000)
 ParOldGen       total 165376K, used 53686K [0x0000000081c00000, 0x000000008bd80000, 0x00000000d5f00000)
  object space 165376K, 32% used [0x0000000081c00000,0x000000008506da78,0x000000008bd80000)
 Metaspace       used 26656K, capacity 27846K, committed 27904K, reserved 1073152K
  class space    used 3523K, capacity 3784K, committed 3840K, reserved 1048576K
}

