# JRE version: Java(TM) SE Runtime Environment (8.0_191-b12) (build 1.8.0_191-b12)
# Java VM: Java HotSpot(TM) 64-Bit Server VM (25.191-b12 mixed mode windows-amd64 compressed oops)
Heap:
 PSYoungGen      total 94208K, used 68833K [0x00000000d5f00000, 0x00000000e0600000, 0x0000000100000000)
  eden space 62976K, 71% used [0x00000000d5f00000,0x00000000d8acc6e8,0x00000000d9c80000)
  from space 31232K, 76% used [0x00000000d9c80000,0x00000000db3ec010,0x00000000dbb00000)
  to   space 33280K, 0% used [0x00000000de580000,0x00000000de580000,0x00000000e0600000)
 ParOldGen       total 159744K, used 54035K [0x0000000081c00000, 0x000000008b800000, 0x00000000d5f00000)
  object space 159744K, 33% used [0x0000000081c00000,0x00000000850c4d08,0x000000008b800000)
 Metaspace       used 26380K, capacity 27494K, committed 27648K, reserved 1073152K
  class space    used 3486K, capacity 3738K, committed 3840K, reserved 1048576K
GC Heap History (10 events):
Event: 12.409 GC heap before
{Heap before GC invocations=5 (full 1):
 PSYoungGen      total 38400K, used 37490K [0x00000000d5f00000, 0x00000000d9100000, 0x0000000100000000)
  eden space 33280K, 97% used [0x00000000d5f00000,0x00000000d7ea4050,0x00000000d7f80000)
  from space 5120K, 99% used [0x00000000d7f80000,0x00000000d84787b8,0x00000000d8480000)
  to   space 5120K, 0% used [0x00000000d8c00000,0x00000000d8c00000,0x00000000d9100000)
 ParOldGen       total 67584K, used 13551K [0x0000000081c00000, 0x0000000085e00000, 0x00000000d5f00000)
  object space 67584K, 20% used [0x0000000081c00000,0x000000008293bfa8,0x0000000085e00000)
 Metaspace       used 25769K, capacity 26904K, committed 27136K, reserved 1073152K
  class space    used 3474K, capacity 3737K, committed 3840K, reserved 1048576K
Event: 12.418 GC heap after
Heap after GC invocations=5 (full 1):
 PSYoungGen      total 46080K, used 5089K [0x00000000d5f00000, 0x00000000d9700000, 0x0000000100000000)
  eden space 40960K, 0% used [0x00000000d5f00000,0x00000000d5f00000,0x00000000d8700000)
  from space 5120K, 99% used [0x00000000d8c00000,0x00000000d90f84b8,0x00000000d9100000)
  to   space 5120K, 0% used [0x00000000d8700000,0x00000000d8700000,0x00000000d8c00000)
 ParOldGen       total 67584K, used 31432K [0x0000000081c00000, 0x0000000085e00000, 0x00000000d5f00000)
  object space 67584K, 46% used [0x0000000081c00000,0x0000000083ab20a0,0x0000000085e00000)
 Metaspace       used 25769K, capacity 26904K, committed 27136K, reserved 1073152K
  class space    used 3474K, capacity 3737K, committed 3840K, reserved 1048576K
}
Event: 12.770 GC heap before
{Heap before GC invocations=6 (full 1):
 PSYoungGen      total 46080K, used 46049K [0x00000000d5f00000, 0x00000000d9700000, 0x0000000100000000)
  eden space 40960K, 100% used [0x00000000d5f00000,0x00000000d8700000,0x00000000d8700000)
  from space 5120K, 99% used [0x00000000d8c00000,0x00000000d90f84b8,0x00000000d9100000)
  to   space 5120K, 0% used [0x00000000d8700000,0x00000000d8700000,0x00000000d8c00000)
 ParOldGen       total 67584K, used 31432K [0x0000000081c00000, 0x0000000085e00000, 0x00000000d5f00000)
  object space 67584K, 46% used [0x0000000081c00000,0x0000000083ab20a0,0x0000000085e00000)
 Metaspace       used 25861K, capacity 26974K, committed 27136K, reserved 1073152K
  class space    used 3475K, capacity 3738K, committed 3840K, reserved 1048576K
Event: 12.785 GC heap after
Heap after GC invocations=6 (full 1):
 PSYoungGen      total 46080K, used 5089K [0x00000000d5f00000, 0x00000000dd900000, 0x0000000100000000)
  eden space 40960K, 0% used [0x00000000d5f00000,0x00000000d5f00000,0x00000000d8700000)
  from space 5120K, 99% used [0x00000000d8700000,0x00000000d8bf84a8,0x00000000d8c00000)
  to   space 30720K, 0% used [0x00000000dbb00000,0x00000000dbb00000,0x00000000dd900000)
 ParOldGen       total 67584K, used 53200K [0x0000000081c00000, 0x0000000085e00000, 0x00000000d5f00000)
  object space 67584K, 78% used [0x0000000081c00000,0x0000000084ff4160,0x0000000085e00000)
 Metaspace       used 25861K, capacity 26974K, committed 27136K, reserved 1073152K
  class space    used 3475K, capacity 3738K, committed 3840K, reserved 1048576K
}
Event: 12.785 GC heap before
{Heap before GC invocations=7 (full 2):
 PSYoungGen      total 46080K, used 5089K [0x00000000d5f00000, 0x00000000dd900000, 0x0000000100000000)
  eden space 40960K, 0% used [0x00000000d5f00000,0x00000000d5f00000,0x00000000d8700000)
  from space 5120K, 99% used [0x00000000d8700000,0x00000000d8bf84a8,0x00000000d8c00000)
  to   space 30720K, 0% used [0x00000000dbb00000,0x00000000dbb00000,0x00000000dd900000)
 ParOldGen       total 67584K, used 53200K [0x0000000081c00000, 0x0000000085e00000, 0x00000000d5f00000)
  object space 67584K, 78% used [0x0000000081c00000,0x0000000084ff4160,0x0000000085e00000)
 Metaspace       used 25861K, capacity 26974K, committed 27136K, reserved 1073152K
  class space    used 3475K, capacity 3738K, committed 3840K, reserved 1048576K
Event: 12.880 GC heap after
Heap after GC invocations=7 (full 2):
 PSYoungGen      total 46080K, used 0K [0x00000000d5f00000, 0x00000000dd900000, 0x0000000100000000)
  eden space 40960K, 0% used [0x00000000d5f00000,0x00000000d5f00000,0x00000000d8700000)
  from space 5120K, 0% used [0x00000000d8700000,0x00000000d8700000,0x00000000d8c00000)
  to   space 30720K, 0% used [0x00000000dbb00000,0x00000000dbb00000,0x00000000dd900000)
 ParOldGen       total 159744K, used 54019K [0x0000000081c00000, 0x000000008b800000, 0x00000000d5f00000)
  object space 159744K, 33% used [0x0000000081c00000,0x00000000850c0d08,0x000000008b800000)
 Metaspace       used 25861K, capacity 26974K, committed 27136K, reserved 1073152K
  class space    used 3475K, capacity 3738K, committed 3840K, reserved 1048576K
}
Event: 13.263 GC heap before
{Heap before GC invocations=8 (full 2):
 PSYoungGen      total 46080K, used 40960K [0x00000000d5f00000, 0x00000000dd900000, 0x0000000100000000)
  eden space 40960K, 100% used [0x00000000d5f00000,0x00000000d8700000,0x00000000d8700000)
  from space 5120K, 0% used [0x00000000d8700000,0x00000000d8700000,0x00000000d8c00000)
  to   space 30720K, 0% used [0x00000000dbb00000,0x00000000dbb00000,0x00000000dd900000)
 ParOldGen       total 159744K, used 54019K [0x0000000081c00000, 0x000000008b800000, 0x00000000d5f00000)
  object space 159744K, 33% used [0x0000000081c00000,0x00000000850c0d08,0x000000008b800000)
 Metaspace       used 25974K, capacity 27102K, committed 27392K, reserved 1073152K
  class space    used 3475K, capacity 3738K, committed 3840K, reserved 1048576K
Event: 13.275 GC heap after
Heap after GC invocations=8 (full 2):
 PSYoungGen      total 93696K, used 20305K [0x00000000d5f00000, 0x00000000ddd00000, 0x0000000100000000)
  eden space 62976K, 0% used [0x00000000d5f00000,0x00000000d5f00000,0x00000000d9c80000)
  from space 30720K, 66% used [0x00000000dbb00000,0x00000000dced4540,0x00000000dd900000)
  to   space 31232K, 0% used [0x00000000d9c80000,0x00000000d9c80000,0x00000000dbb00000)
 ParOldGen       total 159744K, used 54027K [0x0000000081c00000, 0x000000008b800000, 0x00000000d5f00000)
  object space 159744K, 33% used [0x0000000081c00000,0x00000000850c2d08,0x000000008b800000)
 Metaspace       used 25974K, capacity 27102K, committed 27392K, reserved 1073152K
  class space    used 3475K, capacity 3738K, committed 3840K, reserved 1048576K
}
Event: 13.738 GC heap before
{Heap before GC invocations=9 (full 2):
 PSYoungGen      total 93696K, used 83281K [0x00000000d5f00000, 0x00000000ddd00000, 0x0000000100000000)
  eden space 62976K, 100% used [0x00000000d5f00000,0x00000000d9c80000,0x00000000d9c80000)
  from space 30720K, 66% used [0x00000000dbb00000,0x00000000dced4540,0x00000000dd900000)
  to   space 31232K, 0% used [0x00000000d9c80000,0x00000000d9c80000,0x00000000dbb00000)
 ParOldGen       total 159744K, used 54027K [0x0000000081c00000, 0x000000008b800000, 0x00000000d5f00000)
  object space 159744K, 33% used [0x0000000081c00000,0x00000000850c2d08,0x000000008b800000)
 Metaspace       used 26170K, capacity 27294K, committed 27648K, reserved 1073152K
  class space    used 3483K, capacity 3738K, committed 3840K, reserved 1048576K
Event: 13.754 GC heap after
Heap after GC invocations=9 (full 2):
 PSYoungGen      total 94208K, used 23984K [0x00000000d5f00000, 0x00000000e0600000, 0x0000000100000000)
  eden space 62976K, 0% used [0x00000000d5f00000,0x00000000d5f00000,0x00000000d9c80000)
  from space 31232K, 76% used [0x00000000d9c80000,0x00000000db3ec010,0x00000000dbb00000)
  to   space 33280K, 0% used [0x00000000de580000,0x00000000de580000,0x00000000e0600000)
 ParOldGen       total 159744K, used 54035K [0x0000000081c00000, 0x000000008b800000, 0x00000000d5f00000)
  object space 159744K, 33% used [0x0000000081c00000,0x00000000850c4d08,0x000000008b800000)
 Metaspace       used 26170K, capacity 27294K, committed 27648K, reserved 1073152K
  class space    used 3483K, capacity 3738K, committed 3840K, reserved 1048576K
}

