# JRE version: Java(TM) SE Runtime Environment (8.0_191-b12) (build 1.8.0_191-b12)
# Java VM: Java HotSpot(TM) 64-Bit Server VM (25.191-b12 mixed mode windows-amd64 compressed oops)
Heap:
 PSYoungGen      total 86528K, used 42192K [0x00000000d5f00000, 0x00000000dbb00000, 0x0000000100000000)
  eden space 81408K, 51% used [0x00000000d5f00000,0x00000000d88340b8,0x00000000dae80000)
  from space 5120K, 0% used [0x00000000db600000,0x00000000db600000,0x00000000dbb00000)
  to   space 5120K, 0% used [0x00000000db100000,0x00000000db100000,0x00000000db600000)
 ParOldGen       total 172544K, used 50471K [0x0000000081c00000, 0x000000008c480000, 0x00000000d5f00000)
  object space 172544K, 29% used [0x0000000081c00000,0x0000000084d49ca8,0x000000008c480000)
 Metaspace       used 28730K, capacity 30190K, committed 30208K, reserved 1075200K
  class space    used 3780K, capacity 4082K, committed 4096K, reserved 1048576K
GC Heap History (10 events):
Event: 2.243 GC heap before
{Heap before GC invocations=2 (full 0):
 PSYoungGen      total 38400K, used 23098K [0x00000000d5f00000, 0x00000000daa00000, 0x0000000100000000)
  eden space 33280K, 54% used [0x00000000d5f00000,0x00000000d7094078,0x00000000d7f80000)
  from space 5120K, 99% used [0x00000000d7f80000,0x00000000d847ab40,0x00000000d8480000)
  to   space 5120K, 0% used [0x00000000da500000,0x00000000da500000,0x00000000daa00000)
 ParOldGen       total 87552K, used 1849K [0x0000000081c00000, 0x0000000087180000, 0x00000000d5f00000)
  object space 87552K, 2% used [0x0000000081c00000,0x0000000081dce7d8,0x0000000087180000)
 Metaspace       used 20663K, capacity 21256K, committed 21296K, reserved 1067008K
  class space    used 2731K, capacity 2935K, committed 2944K, reserved 1048576K
Event: 2.251 GC heap after
Heap after GC invocations=2 (full 0):
 PSYoungGen      total 71680K, used 5099K [0x00000000d5f00000, 0x00000000daa00000, 0x0000000100000000)
  eden space 66560K, 0% used [0x00000000d5f00000,0x00000000d5f00000,0x00000000da000000)
  from space 5120K, 99% used [0x00000000da500000,0x00000000da9faed8,0x00000000daa00000)
  to   space 5120K, 0% used [0x00000000da000000,0x00000000da000000,0x00000000da500000)
 ParOldGen       total 87552K, used 6216K [0x0000000081c00000, 0x0000000087180000, 0x00000000d5f00000)
  object space 87552K, 7% used [0x0000000081c00000,0x0000000082212168,0x0000000087180000)
 Metaspace       used 20663K, capacity 21256K, committed 21296K, reserved 1067008K
  class space    used 2731K, capacity 2935K, committed 2944K, reserved 1048576K
}
Event: 2.251 GC heap before
{Heap before GC invocations=3 (full 1):
 PSYoungGen      total 71680K, used 5099K [0x00000000d5f00000, 0x00000000daa00000, 0x0000000100000000)
  eden space 66560K, 0% used [0x00000000d5f00000,0x00000000d5f00000,0x00000000da000000)
  from space 5120K, 99% used [0x00000000da500000,0x00000000da9faed8,0x00000000daa00000)
  to   space 5120K, 0% used [0x00000000da000000,0x00000000da000000,0x00000000da500000)
 ParOldGen       total 87552K, used 6216K [0x0000000081c00000, 0x0000000087180000, 0x00000000d5f00000)
  object space 87552K, 7% used [0x0000000081c00000,0x0000000082212168,0x0000000087180000)
 Metaspace       used 20663K, capacity 21256K, committed 21296K, reserved 1067008K
  class space    used 2731K, capacity 2935K, committed 2944K, reserved 1048576K
Event: 2.298 GC heap after
Heap after GC invocations=3 (full 1):
 PSYoungGen      total 71680K, used 0K [0x00000000d5f00000, 0x00000000daa00000, 0x0000000100000000)
  eden space 66560K, 0% used [0x00000000d5f00000,0x00000000d5f00000,0x00000000da000000)
  from space 5120K, 0% used [0x00000000da500000,0x00000000da500000,0x00000000daa00000)
  to   space 5120K, 0% used [0x00000000da000000,0x00000000da000000,0x00000000da500000)
 ParOldGen       total 70144K, used 9434K [0x0000000081c00000, 0x0000000086080000, 0x00000000d5f00000)
  object space 70144K, 13% used [0x0000000081c00000,0x0000000082536bb8,0x0000000086080000)
 Metaspace       used 20663K, capacity 21256K, committed 21296K, reserved 1067008K
  class space    used 2731K, capacity 2935K, committed 2944K, reserved 1048576K
}
Event: 33.354 GC heap before
{Heap before GC invocations=4 (full 1):
 PSYoungGen      total 71680K, used 66527K [0x00000000d5f00000, 0x00000000daa00000, 0x0000000100000000)
  eden space 66560K, 99% used [0x00000000d5f00000,0x00000000d9ff7f48,0x00000000da000000)
  from space 5120K, 0% used [0x00000000da500000,0x00000000da500000,0x00000000daa00000)
  to   space 5120K, 0% used [0x00000000da000000,0x00000000da000000,0x00000000da500000)
 ParOldGen       total 70144K, used 9434K [0x0000000081c00000, 0x0000000086080000, 0x00000000d5f00000)
  object space 70144K, 13% used [0x0000000081c00000,0x0000000082536bb8,0x0000000086080000)
 Metaspace       used 26834K, capacity 28198K, committed 28544K, reserved 1073152K
  class space    used 3575K, capacity 3854K, committed 3968K, reserved 1048576K
Event: 33.365 GC heap after
Heap after GC invocations=4 (full 1):
 PSYoungGen      total 71680K, used 5107K [0x00000000d5f00000, 0x00000000dbb00000, 0x0000000100000000)
  eden space 66560K, 0% used [0x00000000d5f00000,0x00000000d5f00000,0x00000000da000000)
  from space 5120K, 99% used [0x00000000da000000,0x00000000da4fcc28,0x00000000da500000)
  to   space 5120K, 0% used [0x00000000db600000,0x00000000db600000,0x00000000dbb00000)
 ParOldGen       total 70144K, used 17219K [0x0000000081c00000, 0x0000000086080000, 0x00000000d5f00000)
  object space 70144K, 24% used [0x0000000081c00000,0x0000000082cd0ef8,0x0000000086080000)
 Metaspace       used 26834K, capacity 28198K, committed 28544K, reserved 1073152K
  class space    used 3575K, capacity 3854K, committed 3968K, reserved 1048576K
}
Event: 44.186 GC heap before
{Heap before GC invocations=5 (full 1):
 PSYoungGen      total 71680K, used 71667K [0x00000000d5f00000, 0x00000000dbb00000, 0x0000000100000000)
  eden space 66560K, 100% used [0x00000000d5f00000,0x00000000da000000,0x00000000da000000)
  from space 5120K, 99% used [0x00000000da000000,0x00000000da4fcc28,0x00000000da500000)
  to   space 5120K, 0% used [0x00000000db600000,0x00000000db600000,0x00000000dbb00000)
 ParOldGen       total 70144K, used 17219K [0x0000000081c00000, 0x0000000086080000, 0x00000000d5f00000)
  object space 70144K, 24% used [0x0000000081c00000,0x0000000082cd0ef8,0x0000000086080000)
 Metaspace       used 28701K, capacity 30184K, committed 30208K, reserved 1075200K
  class space    used 3779K, capacity 4081K, committed 4096K, reserved 1048576K
Event: 44.202 GC heap after
Heap after GC invocations=5 (full 1):
 PSYoungGen      total 86528K, used 5114K [0x00000000d5f00000, 0x00000000dbb00000, 0x0000000100000000)
  eden space 81408K, 0% used [0x00000000d5f00000,0x00000000d5f00000,0x00000000dae80000)
  from space 5120K, 99% used [0x00000000db600000,0x00000000dbafe840,0x00000000dbb00000)
  to   space 5120K, 0% used [0x00000000db100000,0x00000000db100000,0x00000000db600000)
 ParOldGen       total 70144K, used 47535K [0x0000000081c00000, 0x0000000086080000, 0x00000000d5f00000)
  object space 70144K, 67% used [0x0000000081c00000,0x0000000084a6be08,0x0000000086080000)
 Metaspace       used 28701K, capacity 30184K, committed 30208K, reserved 1075200K
  class space    used 3779K, capacity 4081K, committed 4096K, reserved 1048576K
}
Event: 44.202 GC heap before
{Heap before GC invocations=6 (full 2):
 PSYoungGen      total 86528K, used 5114K [0x00000000d5f00000, 0x00000000dbb00000, 0x0000000100000000)
  eden space 81408K, 0% used [0x00000000d5f00000,0x00000000d5f00000,0x00000000dae80000)
  from space 5120K, 99% used [0x00000000db600000,0x00000000dbafe840,0x00000000dbb00000)
  to   space 5120K, 0% used [0x00000000db100000,0x00000000db100000,0x00000000db600000)
 ParOldGen       total 70144K, used 47535K [0x0000000081c00000, 0x0000000086080000, 0x00000000d5f00000)
  object space 70144K, 67% used [0x0000000081c00000,0x0000000084a6be08,0x0000000086080000)
 Metaspace       used 28701K, capacity 30184K, committed 30208K, reserved 1075200K
  class space    used 3779K, capacity 4081K, committed 4096K, reserved 1048576K
Event: 44.362 GC heap after
Heap after GC invocations=6 (full 2):
 PSYoungGen      total 86528K, used 0K [0x00000000d5f00000, 0x00000000dbb00000, 0x0000000100000000)
  eden space 81408K, 0% used [0x00000000d5f00000,0x00000000d5f00000,0x00000000dae80000)
  from space 5120K, 0% used [0x00000000db600000,0x00000000db600000,0x00000000dbb00000)
  to   space 5120K, 0% used [0x00000000db100000,0x00000000db100000,0x00000000db600000)
 ParOldGen       total 172544K, used 50471K [0x0000000081c00000, 0x000000008c480000, 0x00000000d5f00000)
  object space 172544K, 29% used [0x0000000081c00000,0x0000000084d49ca8,0x000000008c480000)
 Metaspace       used 28701K, capacity 30184K, committed 30208K, reserved 1075200K
  class space    used 3779K, capacity 4081K, committed 4096K, reserved 1048576K
}

