# JRE version: Java(TM) SE Runtime Environment (8.0_191-b12) (build 1.8.0_191-b12)
# Java VM: Java HotSpot(TM) 64-Bit Server VM (25.191-b12 mixed mode windows-amd64 compressed oops)
Heap:
 PSYoungGen      total 46080K, used 30025K [0x00000000d5f00000, 0x00000000dd780000, 0x0000000100000000)
  eden space 40960K, 73% used [0x00000000d5f00000,0x00000000d7c52718,0x00000000d8700000)
  from space 5120K, 0% used [0x00000000d8700000,0x00000000d8700000,0x00000000d8c00000)
  to   space 30208K, 0% used [0x00000000dba00000,0x00000000dba00000,0x00000000dd780000)
 ParOldGen       total 157696K, used 52525K [0x0000000081c00000, 0x000000008b600000, 0x00000000d5f00000)
  object space 157696K, 33% used [0x0000000081c00000,0x0000000084f4b5c8,0x000000008b600000)
 Metaspace       used 26205K, capacity 27368K, committed 27648K, reserved 1073152K
  class space    used 3507K, capacity 3775K, committed 3840K, reserved 1048576K
GC Heap History (10 events):
Event: 2.750 GC heap before
{Heap before GC invocations=3 (full 1):
 PSYoungGen      total 38400K, used 5103K [0x00000000d5f00000, 0x00000000d8980000, 0x0000000100000000)
  eden space 33280K, 0% used [0x00000000d5f00000,0x00000000d5f00000,0x00000000d7f80000)
  from space 5120K, 99% used [0x00000000d8480000,0x00000000d897be50,0x00000000d8980000)
  to   space 5120K, 0% used [0x00000000d7f80000,0x00000000d7f80000,0x00000000d8480000)
 ParOldGen       total 87552K, used 4431K [0x0000000081c00000, 0x0000000087180000, 0x00000000d5f00000)
  object space 87552K, 5% used [0x0000000081c00000,0x0000000082053f18,0x0000000087180000)
 Metaspace       used 20688K, capacity 21244K, committed 21296K, reserved 1067008K
  class space    used 2727K, capacity 2893K, committed 2944K, reserved 1048576K
Event: 2.788 GC heap after
Heap after GC invocations=3 (full 1):
 PSYoungGen      total 38400K, used 0K [0x00000000d5f00000, 0x00000000d8980000, 0x0000000100000000)
  eden space 33280K, 0% used [0x00000000d5f00000,0x00000000d5f00000,0x00000000d7f80000)
  from space 5120K, 0% used [0x00000000d8480000,0x00000000d8480000,0x00000000d8980000)
  to   space 5120K, 0% used [0x00000000d7f80000,0x00000000d7f80000,0x00000000d8480000)
 ParOldGen       total 67584K, used 7660K [0x0000000081c00000, 0x0000000085e00000, 0x00000000d5f00000)
  object space 67584K, 11% used [0x0000000081c00000,0x000000008237b340,0x0000000085e00000)
 Metaspace       used 20688K, capacity 21244K, committed 21296K, reserved 1067008K
  class space    used 2727K, capacity 2893K, committed 2944K, reserved 1048576K
}
Event: 22.162 GC heap before
{Heap before GC invocations=4 (full 1):
 PSYoungGen      total 38400K, used 33280K [0x00000000d5f00000, 0x00000000d8980000, 0x0000000100000000)
  eden space 33280K, 100% used [0x00000000d5f00000,0x00000000d7f80000,0x00000000d7f80000)
  from space 5120K, 0% used [0x00000000d8480000,0x00000000d8480000,0x00000000d8980000)
  to   space 5120K, 0% used [0x00000000d7f80000,0x00000000d7f80000,0x00000000d8480000)
 ParOldGen       total 67584K, used 7660K [0x0000000081c00000, 0x0000000085e00000, 0x00000000d5f00000)
  object space 67584K, 11% used [0x0000000081c00000,0x000000008237b340,0x0000000085e00000)
 Metaspace       used 25695K, capacity 26724K, committed 27008K, reserved 1073152K
  class space    used 3466K, capacity 3705K, committed 3712K, reserved 1048576K
Event: 22.168 GC heap after
Heap after GC invocations=4 (full 1):
 PSYoungGen      total 38400K, used 5109K [0x00000000d5f00000, 0x00000000d9100000, 0x0000000100000000)
  eden space 33280K, 0% used [0x00000000d5f00000,0x00000000d5f00000,0x00000000d7f80000)
  from space 5120K, 99% used [0x00000000d7f80000,0x00000000d847d528,0x00000000d8480000)
  to   space 5120K, 0% used [0x00000000d8c00000,0x00000000d8c00000,0x00000000d9100000)
 ParOldGen       total 67584K, used 12470K [0x0000000081c00000, 0x0000000085e00000, 0x00000000d5f00000)
  object space 67584K, 18% used [0x0000000081c00000,0x000000008282d880,0x0000000085e00000)
 Metaspace       used 25695K, capacity 26724K, committed 27008K, reserved 1073152K
  class space    used 3466K, capacity 3705K, committed 3712K, reserved 1048576K
}
Event: 22.499 GC heap before
{Heap before GC invocations=5 (full 1):
 PSYoungGen      total 38400K, used 38389K [0x00000000d5f00000, 0x00000000d9100000, 0x0000000100000000)
  eden space 33280K, 100% used [0x00000000d5f00000,0x00000000d7f80000,0x00000000d7f80000)
  from space 5120K, 99% used [0x00000000d7f80000,0x00000000d847d528,0x00000000d8480000)
  to   space 5120K, 0% used [0x00000000d8c00000,0x00000000d8c00000,0x00000000d9100000)
 ParOldGen       total 67584K, used 12470K [0x0000000081c00000, 0x0000000085e00000, 0x00000000d5f00000)
  object space 67584K, 18% used [0x0000000081c00000,0x000000008282d880,0x0000000085e00000)
 Metaspace       used 26094K, capacity 27234K, committed 27392K, reserved 1073152K
  class space    used 3506K, capacity 3774K, committed 3840K, reserved 1048576K
Event: 22.509 GC heap after
Heap after GC invocations=5 (full 1):
 PSYoungGen      total 46080K, used 5098K [0x00000000d5f00000, 0x00000000d9780000, 0x0000000100000000)
  eden space 40960K, 0% used [0x00000000d5f00000,0x00000000d5f00000,0x00000000d8700000)
  from space 5120K, 99% used [0x00000000d8c00000,0x00000000d90fa898,0x00000000d9100000)
  to   space 5120K, 0% used [0x00000000d8700000,0x00000000d8700000,0x00000000d8c00000)
 ParOldGen       total 67584K, used 30513K [0x0000000081c00000, 0x0000000085e00000, 0x00000000d5f00000)
  object space 67584K, 45% used [0x0000000081c00000,0x00000000839cc7f0,0x0000000085e00000)
 Metaspace       used 26094K, capacity 27234K, committed 27392K, reserved 1073152K
  class space    used 3506K, capacity 3774K, committed 3840K, reserved 1048576K
}
Event: 22.859 GC heap before
{Heap before GC invocations=6 (full 1):
 PSYoungGen      total 46080K, used 46014K [0x00000000d5f00000, 0x00000000d9780000, 0x0000000100000000)
  eden space 40960K, 99% used [0x00000000d5f00000,0x00000000d86f5098,0x00000000d8700000)
  from space 5120K, 99% used [0x00000000d8c00000,0x00000000d90fa898,0x00000000d9100000)
  to   space 5120K, 0% used [0x00000000d8700000,0x00000000d8700000,0x00000000d8c00000)
 ParOldGen       total 67584K, used 30513K [0x0000000081c00000, 0x0000000085e00000, 0x00000000d5f00000)
  object space 67584K, 45% used [0x0000000081c00000,0x00000000839cc7f0,0x0000000085e00000)
 Metaspace       used 26176K, capacity 27304K, committed 27392K, reserved 1073152K
  class space    used 3507K, capacity 3775K, committed 3840K, reserved 1048576K
Event: 22.870 GC heap after
Heap after GC invocations=6 (full 1):
 PSYoungGen      total 46080K, used 5097K [0x00000000d5f00000, 0x00000000dd780000, 0x0000000100000000)
  eden space 40960K, 0% used [0x00000000d5f00000,0x00000000d5f00000,0x00000000d8700000)
  from space 5120K, 99% used [0x00000000d8700000,0x00000000d8bfa598,0x00000000d8c00000)
  to   space 30208K, 0% used [0x00000000dba00000,0x00000000dba00000,0x00000000dd780000)
 ParOldGen       total 67584K, used 52339K [0x0000000081c00000, 0x0000000085e00000, 0x00000000d5f00000)
  object space 67584K, 77% used [0x0000000081c00000,0x0000000084f1cd68,0x0000000085e00000)
 Metaspace       used 26176K, capacity 27304K, committed 27392K, reserved 1073152K
  class space    used 3507K, capacity 3775K, committed 3840K, reserved 1048576K
}
Event: 22.870 GC heap before
{Heap before GC invocations=7 (full 2):
 PSYoungGen      total 46080K, used 5097K [0x00000000d5f00000, 0x00000000dd780000, 0x0000000100000000)
  eden space 40960K, 0% used [0x00000000d5f00000,0x00000000d5f00000,0x00000000d8700000)
  from space 5120K, 99% used [0x00000000d8700000,0x00000000d8bfa598,0x00000000d8c00000)
  to   space 30208K, 0% used [0x00000000dba00000,0x00000000dba00000,0x00000000dd780000)
 ParOldGen       total 67584K, used 52339K [0x0000000081c00000, 0x0000000085e00000, 0x00000000d5f00000)
  object space 67584K, 77% used [0x0000000081c00000,0x0000000084f1cd68,0x0000000085e00000)
 Metaspace       used 26176K, capacity 27304K, committed 27392K, reserved 1073152K
  class space    used 3507K, capacity 3775K, committed 3840K, reserved 1048576K
Event: 23.003 GC heap after
Heap after GC invocations=7 (full 2):
 PSYoungGen      total 46080K, used 0K [0x00000000d5f00000, 0x00000000dd780000, 0x0000000100000000)
  eden space 40960K, 0% used [0x00000000d5f00000,0x00000000d5f00000,0x00000000d8700000)
  from space 5120K, 0% used [0x00000000d8700000,0x00000000d8700000,0x00000000d8c00000)
  to   space 30208K, 0% used [0x00000000dba00000,0x00000000dba00000,0x00000000dd780000)
 ParOldGen       total 157696K, used 52525K [0x0000000081c00000, 0x000000008b600000, 0x00000000d5f00000)
  object space 157696K, 33% used [0x0000000081c00000,0x0000000084f4b5c8,0x000000008b600000)
 Metaspace       used 26176K, capacity 27304K, committed 27392K, reserved 1073152K
  class space    used 3507K, capacity 3775K, committed 3840K, reserved 1048576K
}

