# JRE version: Java(TM) SE Runtime Environment (8.0_191-b12) (build 1.8.0_191-b12)
# Java VM: Java HotSpot(TM) 64-Bit Server VM (25.191-b12 mixed mode windows-amd64 compressed oops)
Heap:
 PSYoungGen      total 93696K, used 2528K [0x00000000d5f00000, 0x00000000dd500000, 0x0000000100000000)
  eden space 72704K, 3% used [0x00000000d5f00000,0x00000000d6178200,0x00000000da600000)
  from space 20992K, 0% used [0x00000000da600000,0x00000000da600000,0x00000000dba80000)
  to   space 23552K, 0% used [0x00000000dbe00000,0x00000000dbe00000,0x00000000dd500000)
 ParOldGen       total 1182208K, used 684504K [0x0000000081c00000, 0x00000000c9e80000, 0x00000000d5f00000)
  object space 1182208K, 57% used [0x0000000081c00000,0x00000000ab876138,0x00000000c9e80000)
 Metaspace       used 29178K, capacity 30495K, committed 30720K, reserved 1075200K
  class space    used 3725K, capacity 3987K, committed 4096K, reserved 1048576K
GC Heap History (10 events):
Event: 38.578 GC heap before
{Heap before GC invocations=14 (full 5):
 PSYoungGen      total 93696K, used 61145K [0x00000000d5f00000, 0x00000000dd500000, 0x0000000100000000)
  eden space 72704K, 84% used [0x00000000d5f00000,0x00000000d9ab6710,0x00000000da600000)
  from space 20992K, 0% used [0x00000000da600000,0x00000000da600000,0x00000000dba80000)
  to   space 23552K, 0% used [0x00000000dbe00000,0x00000000dbe00000,0x00000000dd500000)
 ParOldGen       total 1182208K, used 1148506K [0x0000000081c00000, 0x00000000c9e80000, 0x00000000d5f00000)
  object space 1182208K, 97% used [0x0000000081c00000,0x00000000c7d96bc0,0x00000000c9e80000)
 Metaspace       used 29002K, capacity 30243K, committed 30464K, reserved 1075200K
  class space    used 3700K, capacity 3973K, committed 4096K, reserved 1048576K
Event: 38.638 GC heap after
Heap after GC invocations=14 (full 5):
 PSYoungGen      total 93696K, used 59817K [0x00000000d5f00000, 0x00000000dd500000, 0x0000000100000000)
  eden space 72704K, 82% used [0x00000000d5f00000,0x00000000d996a7e8,0x00000000da600000)
  from space 20992K, 0% used [0x00000000da600000,0x00000000da600000,0x00000000dba80000)
  to   space 23552K, 0% used [0x00000000dbe00000,0x00000000dbe00000,0x00000000dd500000)
 ParOldGen       total 1182208K, used 1148427K [0x0000000081c00000, 0x00000000c9e80000, 0x00000000d5f00000)
  object space 1182208K, 97% used [0x0000000081c00000,0x00000000c7d82f88,0x00000000c9e80000)
 Metaspace       used 29002K, capacity 30243K, committed 30464K, reserved 1075200K
  class space    used 3700K, capacity 3973K, committed 4096K, reserved 1048576K
}
Event: 38.638 GC heap before
{Heap before GC invocations=15 (full 6):
 PSYoungGen      total 93696K, used 59817K [0x00000000d5f00000, 0x00000000dd500000, 0x0000000100000000)
  eden space 72704K, 82% used [0x00000000d5f00000,0x00000000d996a7e8,0x00000000da600000)
  from space 20992K, 0% used [0x00000000da600000,0x00000000da600000,0x00000000dba80000)
  to   space 23552K, 0% used [0x00000000dbe00000,0x00000000dbe00000,0x00000000dd500000)
 ParOldGen       total 1182208K, used 1148427K [0x0000000081c00000, 0x00000000c9e80000, 0x00000000d5f00000)
  object space 1182208K, 97% used [0x0000000081c00000,0x00000000c7d82f88,0x00000000c9e80000)
 Metaspace       used 29002K, capacity 30243K, committed 30464K, reserved 1075200K
  class space    used 3700K, capacity 3973K, committed 4096K, reserved 1048576K
Event: 39.050 GC heap after
Heap after GC invocations=15 (full 6):
 PSYoungGen      total 93696K, used 59639K [0x00000000d5f00000, 0x00000000dd500000, 0x0000000100000000)
  eden space 72704K, 82% used [0x00000000d5f00000,0x00000000d993dc80,0x00000000da600000)
  from space 20992K, 0% used [0x00000000da600000,0x00000000da600000,0x00000000dba80000)
  to   space 23552K, 0% used [0x00000000dbe00000,0x00000000dbe00000,0x00000000dd500000)
 ParOldGen       total 1182208K, used 1146530K [0x0000000081c00000, 0x00000000c9e80000, 0x00000000d5f00000)
  object space 1182208K, 96% used [0x0000000081c00000,0x00000000c7ba8880,0x00000000c9e80000)
 Metaspace       used 28930K, capacity 30117K, committed 30464K, reserved 1075200K
  class space    used 3686K, capacity 3948K, committed 4096K, reserved 1048576K
}
Event: 39.078 GC heap before
{Heap before GC invocations=16 (full 7):
 PSYoungGen      total 93696K, used 62383K [0x00000000d5f00000, 0x00000000dd500000, 0x0000000100000000)
  eden space 72704K, 85% used [0x00000000d5f00000,0x00000000d9bebec0,0x00000000da600000)
  from space 20992K, 0% used [0x00000000da600000,0x00000000da600000,0x00000000dba80000)
  to   space 23552K, 0% used [0x00000000dbe00000,0x00000000dbe00000,0x00000000dd500000)
 ParOldGen       total 1182208K, used 1146530K [0x0000000081c00000, 0x00000000c9e80000, 0x00000000d5f00000)
  object space 1182208K, 96% used [0x0000000081c00000,0x00000000c7ba8880,0x00000000c9e80000)
 Metaspace       used 28943K, capacity 30135K, committed 30464K, reserved 1075200K
  class space    used 3688K, capacity 3951K, committed 4096K, reserved 1048576K
Event: 39.515 GC heap after
Heap after GC invocations=16 (full 7):
 PSYoungGen      total 93696K, used 60866K [0x00000000d5f00000, 0x00000000dd500000, 0x0000000100000000)
  eden space 72704K, 83% used [0x00000000d5f00000,0x00000000d9a70860,0x00000000da600000)
  from space 20992K, 0% used [0x00000000da600000,0x00000000da600000,0x00000000dba80000)
  to   space 23552K, 0% used [0x00000000dbe00000,0x00000000dbe00000,0x00000000dd500000)
 ParOldGen       total 1182208K, used 1146527K [0x0000000081c00000, 0x00000000c9e80000, 0x00000000d5f00000)
  object space 1182208K, 96% used [0x0000000081c00000,0x00000000c7ba7e30,0x00000000c9e80000)
 Metaspace       used 28943K, capacity 30135K, committed 30464K, reserved 1075200K
  class space    used 3688K, capacity 3951K, committed 4096K, reserved 1048576K
}
Event: 39.516 GC heap before
{Heap before GC invocations=17 (full 8):
 PSYoungGen      total 93696K, used 60866K [0x00000000d5f00000, 0x00000000dd500000, 0x0000000100000000)
  eden space 72704K, 83% used [0x00000000d5f00000,0x00000000d9a70860,0x00000000da600000)
  from space 20992K, 0% used [0x00000000da600000,0x00000000da600000,0x00000000dba80000)
  to   space 23552K, 0% used [0x00000000dbe00000,0x00000000dbe00000,0x00000000dd500000)
 ParOldGen       total 1182208K, used 1146527K [0x0000000081c00000, 0x00000000c9e80000, 0x00000000d5f00000)
  object space 1182208K, 96% used [0x0000000081c00000,0x00000000c7ba7e30,0x00000000c9e80000)
 Metaspace       used 28943K, capacity 30135K, committed 30464K, reserved 1075200K
  class space    used 3688K, capacity 3951K, committed 4096K, reserved 1048576K
Event: 39.589 GC heap after
Heap after GC invocations=17 (full 8):
 PSYoungGen      total 93696K, used 60723K [0x00000000d5f00000, 0x00000000dd500000, 0x0000000100000000)
  eden space 72704K, 83% used [0x00000000d5f00000,0x00000000d9a4cff8,0x00000000da600000)
  from space 20992K, 0% used [0x00000000da600000,0x00000000da600000,0x00000000dba80000)
  to   space 23552K, 0% used [0x00000000dbe00000,0x00000000dbe00000,0x00000000dd500000)
 ParOldGen       total 1182208K, used 1146527K [0x0000000081c00000, 0x00000000c9e80000, 0x00000000d5f00000)
  object space 1182208K, 96% used [0x0000000081c00000,0x00000000c7ba7e30,0x00000000c9e80000)
 Metaspace       used 28939K, capacity 30129K, committed 30464K, reserved 1075200K
  class space    used 3687K, capacity 3950K, committed 4096K, reserved 1048576K
}
Event: 40.008 GC heap before
{Heap before GC invocations=18 (full 9):
 PSYoungGen      total 93696K, used 72704K [0x00000000d5f00000, 0x00000000dd500000, 0x0000000100000000)
  eden space 72704K, 100% used [0x00000000d5f00000,0x00000000da600000,0x00000000da600000)
  from space 20992K, 0% used [0x00000000da600000,0x00000000da600000,0x00000000dba80000)
  to   space 23552K, 0% used [0x00000000dbe00000,0x00000000dbe00000,0x00000000dd500000)
 ParOldGen       total 1182208K, used 1146527K [0x0000000081c00000, 0x00000000c9e80000, 0x00000000d5f00000)
  object space 1182208K, 96% used [0x0000000081c00000,0x00000000c7ba7e30,0x00000000c9e80000)
 Metaspace       used 29174K, capacity 30495K, committed 30720K, reserved 1075200K
  class space    used 3725K, capacity 3987K, committed 4096K, reserved 1048576K
Event: 40.192 GC heap after
Heap after GC invocations=18 (full 9):
 PSYoungGen      total 93696K, used 0K [0x00000000d5f00000, 0x00000000dd500000, 0x0000000100000000)
  eden space 72704K, 0% used [0x00000000d5f00000,0x00000000d5f00000,0x00000000da600000)
  from space 20992K, 0% used [0x00000000da600000,0x00000000da600000,0x00000000dba80000)
  to   space 23552K, 0% used [0x00000000dbe00000,0x00000000dbe00000,0x00000000dd500000)
 ParOldGen       total 1182208K, used 684504K [0x0000000081c00000, 0x00000000c9e80000, 0x00000000d5f00000)
  object space 1182208K, 57% used [0x0000000081c00000,0x00000000ab876138,0x00000000c9e80000)
 Metaspace       used 29174K, capacity 30495K, committed 30720K, reserved 1075200K
  class space    used 3725K, capacity 3987K, committed 4096K, reserved 1048576K
}

