# JRE version: Java(TM) SE Runtime Environment (8.0_191-b12) (build 1.8.0_191-b12)
# Java VM: Java HotSpot(TM) 64-Bit Server VM (25.191-b12 mixed mode windows-amd64 compressed oops)
Heap:
 PSYoungGen      total 146944K, used 31515K [0x00000000d5f00000, 0x00000000dfe00000, 0x0000000100000000)
  eden space 132608K, 23% used [0x00000000d5f00000,0x00000000d7dc6d40,0x00000000de080000)
  from space 14336K, 0% used [0x00000000def00000,0x00000000def00000,0x00000000dfd00000)
  to   space 14848K, 0% used [0x00000000de080000,0x00000000de080000,0x00000000def00000)
 ParOldGen       total 81408K, used 23840K [0x0000000081c00000, 0x0000000086b80000, 0x00000000d5f00000)
  object space 81408K, 29% used [0x0000000081c00000,0x0000000083348228,0x0000000086b80000)
 Metaspace       used 21149K, capacity 22418K, committed 22472K, reserved 1069056K
  class space    used 2907K, capacity 3182K, committed 3200K, reserved 1048576K
GC Heap History (10 events):
Event: 3.328 GC heap before
{Heap before GC invocations=3 (full 0):
 PSYoungGen      total 38400K, used 38377K [0x00000000d5f00000, 0x00000000d8980000, 0x0000000100000000)
  eden space 33280K, 100% used [0x00000000d5f00000,0x00000000d7f80000,0x00000000d7f80000)
  from space 5120K, 99% used [0x00000000d8480000,0x00000000d897a630,0x00000000d8980000)
  to   space 5120K, 0% used [0x00000000d7f80000,0x00000000d7f80000,0x00000000d8480000)
 ParOldGen       total 87552K, used 7637K [0x0000000081c00000, 0x0000000087180000, 0x00000000d5f00000)
  object space 87552K, 8% used [0x0000000081c00000,0x00000000823756d0,0x0000000087180000)
 Metaspace       used 19538K, capacity 20606K, committed 20736K, reserved 1067008K
  class space    used 2784K, capacity 3036K, committed 3072K, reserved 1048576K
Event: 3.341 GC heap after
Heap after GC invocations=3 (full 0):
 PSYoungGen      total 38400K, used 5118K [0x00000000d5f00000, 0x00000000daa00000, 0x0000000100000000)
  eden space 33280K, 0% used [0x00000000d5f00000,0x00000000d5f00000,0x00000000d7f80000)
  from space 5120K, 99% used [0x00000000d7f80000,0x00000000d847faf0,0x00000000d8480000)
  to   space 5120K, 0% used [0x00000000da500000,0x00000000da500000,0x00000000daa00000)
 ParOldGen       total 87552K, used 12542K [0x0000000081c00000, 0x0000000087180000, 0x00000000d5f00000)
  object space 87552K, 14% used [0x0000000081c00000,0x000000008283f810,0x0000000087180000)
 Metaspace       used 19538K, capacity 20606K, committed 20736K, reserved 1067008K
  class space    used 2784K, capacity 3036K, committed 3072K, reserved 1048576K
}
Event: 3.493 GC heap before
{Heap before GC invocations=4 (full 0):
 PSYoungGen      total 38400K, used 17451K [0x00000000d5f00000, 0x00000000daa00000, 0x0000000100000000)
  eden space 33280K, 37% used [0x00000000d5f00000,0x00000000d6b0b1b0,0x00000000d7f80000)
  from space 5120K, 99% used [0x00000000d7f80000,0x00000000d847faf0,0x00000000d8480000)
  to   space 5120K, 0% used [0x00000000da500000,0x00000000da500000,0x00000000daa00000)
 ParOldGen       total 87552K, used 12542K [0x0000000081c00000, 0x0000000087180000, 0x00000000d5f00000)
  object space 87552K, 14% used [0x0000000081c00000,0x000000008283f810,0x0000000087180000)
 Metaspace       used 20094K, capacity 21294K, committed 21552K, reserved 1067008K
  class space    used 2862K, capacity 3134K, committed 3200K, reserved 1048576K
Event: 3.507 GC heap after
Heap after GC invocations=4 (full 0):
 PSYoungGen      total 71680K, used 5102K [0x00000000d5f00000, 0x00000000daa00000, 0x0000000100000000)
  eden space 66560K, 0% used [0x00000000d5f00000,0x00000000d5f00000,0x00000000da000000)
  from space 5120K, 99% used [0x00000000da500000,0x00000000da9fbae0,0x00000000daa00000)
  to   space 5120K, 0% used [0x00000000da000000,0x00000000da000000,0x00000000da500000)
 ParOldGen       total 87552K, used 16990K [0x0000000081c00000, 0x0000000087180000, 0x00000000d5f00000)
  object space 87552K, 19% used [0x0000000081c00000,0x0000000082c97830,0x0000000087180000)
 Metaspace       used 20094K, capacity 21294K, committed 21552K, reserved 1067008K
  class space    used 2862K, capacity 3134K, committed 3200K, reserved 1048576K
}
Event: 3.807 GC heap before
{Heap before GC invocations=5 (full 0):
 PSYoungGen      total 71680K, used 12663K [0x00000000d5f00000, 0x00000000daa00000, 0x0000000100000000)
  eden space 66560K, 11% used [0x00000000d5f00000,0x00000000d6662348,0x00000000da000000)
  from space 5120K, 99% used [0x00000000da500000,0x00000000da9fbae0,0x00000000daa00000)
  to   space 5120K, 0% used [0x00000000da000000,0x00000000da000000,0x00000000da500000)
 ParOldGen       total 87552K, used 16990K [0x0000000081c00000, 0x0000000087180000, 0x00000000d5f00000)
  object space 87552K, 19% used [0x0000000081c00000,0x0000000082c97830,0x0000000087180000)
 Metaspace       used 20404K, capacity 21584K, committed 21884K, reserved 1069056K
  class space    used 2890K, capacity 3145K, committed 3200K, reserved 1048576K
Event: 3.818 GC heap after
Heap after GC invocations=5 (full 0):
 PSYoungGen      total 71680K, used 5102K [0x00000000d5f00000, 0x00000000dfd00000, 0x0000000100000000)
  eden space 66560K, 0% used [0x00000000d5f00000,0x00000000d5f00000,0x00000000da000000)
  from space 5120K, 99% used [0x00000000da000000,0x00000000da4fbae0,0x00000000da500000)
  to   space 14336K, 0% used [0x00000000def00000,0x00000000def00000,0x00000000dfd00000)
 ParOldGen       total 87552K, used 24534K [0x0000000081c00000, 0x0000000087180000, 0x00000000d5f00000)
  object space 87552K, 28% used [0x0000000081c00000,0x00000000833f5850,0x0000000087180000)
 Metaspace       used 20404K, capacity 21584K, committed 21884K, reserved 1069056K
  class space    used 2890K, capacity 3145K, committed 3200K, reserved 1048576K
}
Event: 6.776 GC heap before
{Heap before GC invocations=6 (full 0):
 PSYoungGen      total 71680K, used 10517K [0x00000000d5f00000, 0x00000000dfd00000, 0x0000000100000000)
  eden space 66560K, 8% used [0x00000000d5f00000,0x00000000d6449a00,0x00000000da000000)
  from space 5120K, 99% used [0x00000000da000000,0x00000000da4fbae0,0x00000000da500000)
  to   space 14336K, 0% used [0x00000000def00000,0x00000000def00000,0x00000000dfd00000)
 ParOldGen       total 87552K, used 24534K [0x0000000081c00000, 0x0000000087180000, 0x00000000d5f00000)
  object space 87552K, 28% used [0x0000000081c00000,0x00000000833f5850,0x0000000087180000)
 Metaspace       used 20733K, capacity 21842K, committed 21960K, reserved 1069056K
  class space    used 2896K, capacity 3146K, committed 3200K, reserved 1048576K
Event: 6.793 GC heap after
Heap after GC invocations=6 (full 0):
 PSYoungGen      total 146944K, used 5774K [0x00000000d5f00000, 0x00000000dfe00000, 0x0000000100000000)
  eden space 132608K, 0% used [0x00000000d5f00000,0x00000000d5f00000,0x00000000de080000)
  from space 14336K, 40% used [0x00000000def00000,0x00000000df4a3ae0,0x00000000dfd00000)
  to   space 14848K, 0% used [0x00000000de080000,0x00000000de080000,0x00000000def00000)
 ParOldGen       total 87552K, used 24542K [0x0000000081c00000, 0x0000000087180000, 0x00000000d5f00000)
  object space 87552K, 28% used [0x0000000081c00000,0x00000000833f7850,0x0000000087180000)
 Metaspace       used 20733K, capacity 21842K, committed 21960K, reserved 1069056K
  class space    used 2896K, capacity 3146K, committed 3200K, reserved 1048576K
}
Event: 6.793 GC heap before
{Heap before GC invocations=7 (full 1):
 PSYoungGen      total 146944K, used 5774K [0x00000000d5f00000, 0x00000000dfe00000, 0x0000000100000000)
  eden space 132608K, 0% used [0x00000000d5f00000,0x00000000d5f00000,0x00000000de080000)
  from space 14336K, 40% used [0x00000000def00000,0x00000000df4a3ae0,0x00000000dfd00000)
  to   space 14848K, 0% used [0x00000000de080000,0x00000000de080000,0x00000000def00000)
 ParOldGen       total 87552K, used 24542K [0x0000000081c00000, 0x0000000087180000, 0x00000000d5f00000)
  object space 87552K, 28% used [0x0000000081c00000,0x00000000833f7850,0x0000000087180000)
 Metaspace       used 20733K, capacity 21842K, committed 21960K, reserved 1069056K
  class space    used 2896K, capacity 3146K, committed 3200K, reserved 1048576K
Event: 6.903 GC heap after
Heap after GC invocations=7 (full 1):
 PSYoungGen      total 146944K, used 0K [0x00000000d5f00000, 0x00000000dfe00000, 0x0000000100000000)
  eden space 132608K, 0% used [0x00000000d5f00000,0x00000000d5f00000,0x00000000de080000)
  from space 14336K, 0% used [0x00000000def00000,0x00000000def00000,0x00000000dfd00000)
  to   space 14848K, 0% used [0x00000000de080000,0x00000000de080000,0x00000000def00000)
 ParOldGen       total 81408K, used 23840K [0x0000000081c00000, 0x0000000086b80000, 0x00000000d5f00000)
  object space 81408K, 29% used [0x0000000081c00000,0x0000000083348228,0x0000000086b80000)
 Metaspace       used 20733K, capacity 21842K, committed 21960K, reserved 1069056K
  class space    used 2896K, capacity 3146K, committed 3200K, reserved 1048576K
}

